<?xml version="1.0" encoding="UTF-8"?>
<testsuite xmlns:xsi="http://www.w3.org/2001/XMLSchema-instance" xsi:noNamespaceSchemaLocation="https://maven.apache.org/surefire/maven-surefire-plugin/xsd/surefire-test-report-3.0.xsd" version="3.0" name="com.baimiaomiao.ibatis.test.GodBatisTest" time="0.55" tests="3" errors="0" skipped="0" failures="0">
  <properties>
[...]
</properties>
  <testcase name="testSelectOne" classname="com.baimiaomiao.ibatis.test.GodBatisTest" time="0.47">
    <system-out><![CDATA[User{id='1111', name='zhangsan', age='20'}
]]></system-out>
  </testcase>
  <testcase name="testInsertUser" classname="com.baimiaomiao.ibatis.test.GodBatisTest" time="0.026">
    <system-out><![CDATA[执行条数：1
]]></system-out>
  </testcase>
  <testcase name="testSqlSessionFactory" classname="com.baimiaomiao.ibatis.test.GodBatisTest" time="0.005">
    <system-out><![CDATA[com.baimiaomiao.ibatis.core.SqlSessionFactory@32c726ee
]]></system-out>
  </testcase>
</testsuite>